        -:    0:Source:main.c
        -:    0:Graph:main.gcno
        -:    0:Data:main.gcda
        -:    0:Runs:9
        -:    0:Programs:1
        -:    1:/*
        -:    2: * Copyright (c) 2014 Kaprica Security, Inc.
        -:    3: *
        -:    4: * Permission is hereby granted, free of charge, to any person obtaining a copy
        -:    5: * of this software and associated documentation files (the "Software"), to deal
        -:    6: * in the Software without restriction, including without limitation the rights
        -:    7: * to use, copy, modify, merge, publish, distribute, sublicense, and/or sell
        -:    8: * copies of the Software, and to permit persons to whom the Software is
        -:    9: * furnished to do so, subject to the following conditions:
        -:   10: *
        -:   11: * The above copyright notice and this permission notice shall be included in
        -:   12: * all copies or substantial portions of the Software.
        -:   13: *
        -:   14: * THE SOFTWARE IS PROVIDED "AS IS", WITHOUT WARRANTY OF ANY KIND, EXPRESS OR
        -:   15: * IMPLIED, INCLUDING BUT NOT LIMITED TO THE WARRANTIES OF MERCHANTABILITY,
        -:   16: * FITNESS FOR A PARTICULAR PURPOSE AND NONINFRINGEMENT. IN NO EVENT SHALL THE
        -:   17: * AUTHORS OR COPYRIGHT HOLDERS BE LIABLE FOR ANY CLAIM, DAMAGES OR OTHER
        -:   18: * LIABILITY, WHETHER IN AN ACTION OF CONTRACT, TORT OR OTHERWISE, ARISING FROM,
        -:   19: * OUT OF OR IN CONNECTION WITH THE SOFTWARE OR THE USE OR OTHER DEALINGS IN
        -:   20: * THE SOFTWARE.
        -:   21: *
        -:   22: */
        -:   23:
        -:   24:// #include <libcgc.h>
        -:   25:#include <stdio.h>
        -:   26:#include <stdarg.h>
        -:   27:#include <stdlib.h>
        -:   28:#include <string.h>
        -:   29:#include <ctype.h>
        -:   30:
        -:   31:#include "meow.h"
        -:   32:
        -:   33:#define MAX_MEOW_LENGTH 8192
        -:   34:
        -:   35:meow_parser_t *parser;
        -:   36:meow_item_t *my_meow;
        -:   37:
       39:   38:int read_until(FILE* fp, char *buf, size_t len, char delim)
        -:   39:{
        -:   40:    size_t i;
       39:   41:    char *c = buf;
        -:   42:
      192:   43:    for (i = 0; i < len; ++i) {
        -:   44:        size_t rx;
        -:   45:
      192:   46:        if ((rx = fread(c, 1, 1, fp)) != 1)
        3:   47:            return -1;
        -:   48:
      189:   49:        if (*(c++) == delim)
       36:   50:            break;
        -:   51:    }
        -:   52:
       36:   53:    *(c - 1) = '\0';
       36:   54:    return c - buf;
        -:   55:}
        -:   56:
       11:   57:void import_MEOW(char *buf)
        -:   58:{
       11:   59:    if (my_meow != NULL) {
        6:   60:        free_meow_item(my_meow);
        6:   61:        my_meow = NULL;
        -:   62:    }
        -:   63:
       11:   64:    parser->cats = 0;
       11:   65:    my_meow = parser->loads(buf);
        -:   66:
       11:   67:    if (my_meow == NULL)
        2:   68:        printf("Error!\n");
       11:   69:}
        -:   70:
        2:   71:void print_MEOW()
        -:   72:{
        2:   73:    if (my_meow == NULL) {
        1:   74:        printf("Error!\n");
        1:   75:        return;
        -:   76:    }
        -:   77:
        1:   78:    parser->cats = 0;
        1:   79:    parser->dumps(my_meow);
        1:   80:    printf("\n");
        -:   81:}
        -:   82:
        3:   83:void nyan()
        -:   84:{
        -:   85:    int i;
        -:   86:    char *c;
        3:   87:    char buf[256] = {0};
        3:   88:    char *nyan_cat = "\n\n\
        -:   89:+      o     +              o\n\
        -:   90:    +             o     +       +\n\
        -:   91:o          +\n\
        -:   92:    o  +           +        +\n\
        -:   93:+        o     o       +        o\n\
        -:   94:-_-_-_-_-_-_-_,------,      o\n\
        -:   95:_-_-_-_-_-_-_-|   /\\_/\\\n\
        -:   96:-_-_-_-_-_-_-~|__( ^ .^)  +     +\n\
        -:   97:_-_-_-_-_-_-_-\"\"  \"\"\n\
        -:   98:+      o         o   +       o\n\
        -:   99:    +         +\n\
        -:  100:o        o         o      o     +\n\
        -:  101:    o           +\n\
        -:  102:+      +     o        o      +\n\n";
        -:  103:
        3:  104:    if (my_meow == NULL) {
        1:  105:        printf("Error!\n");
        1:  106:        return;
        -:  107:    }
        -:  108:
        2:  109:    parser->dumps(my_meow);
        2:  110:    printf("\n");
        -:  111:
        2:  112:    if (parser->cats < 3)
        1:  113:        return;
        -:  114:
        1:  115:    printf("%s", nyan_cat);
        1:  116:    c = buf;
        -:  117:
        2:  118:    for (i = 0; i < array_length(parser->nyan_says); ++i) {
        1:  119:        meow_item_t *item = array_get(parser->nyan_says, i);
        1:  120:        strcpy(c, item->item.i_string.s);
        1:  121:        c += item->item.i_string.len;
        -:  122:    }
        -:  123:
        1:  124:    printf("NYAN SAYS...\n\"\n%s\n\"\n", buf);
        -:  125:}
        -:  126:
        7:  127:void quit()
        -:  128:{
        7:  129:    printf("\n\n=^.^=// Bye!\n\n");
        7:  130:    exit(0);
        -:  131:}
        -:  132:
        9:  133:void menu()
        -:  134:{
        9:  135:    printf("=======================\n");
        9:  136:    printf(" 1. Import MEOW\n");
        9:  137:    printf(" 2. Print MEOW\n");
        9:  138:    printf(" 3. Quit\n");
        9:  139:    printf("=======================\n");
        9:  140:}
        -:  141:
        9:  142:int main()
        -:  143:{
        -:  144:    // disable buffering on stdout
        9:  145:    setvbuf(stdout, NULL, _IONBF, 0);
        -:  146:    char buf[MAX_MEOW_LENGTH];
        -:  147:    char select[16];
        9:  148:    printf("MEOW Pretty Printer v0.1\n");
        9:  149:    parser = (meow_parser_t *) malloc(sizeof(meow_parser_t));
        9:  150:    meow_init(parser);
        9:  151:    menu();
        9:  152:    printf("> ");
        -:  153:
       36:  154:    while (read_until(stdin, select, sizeof(select), '\n') > 0) {
       25:  155:        int menu = strtol(select, NULL, 10);
        -:  156:
       25:  157:        switch (menu) {
       12:  158:        case 1:
       12:  159:            printf("MEOW? ");
        -:  160:
       12:  161:            if (read_until(stdin, buf, MAX_MEOW_LENGTH, '\n') > 0)
       11:  162:                import_MEOW(buf);
        -:  163:            else
        1:  164:                printf("Error!\n");
        -:  165:
       12:  166:            break;
        -:  167:
        2:  168:        case 2:
        2:  169:            print_MEOW();
        2:  170:            break;
        -:  171:
        7:  172:        case 3:
        7:  173:            quit();
        -:  174:
        3:  175:        case 777:
        3:  176:            nyan();
        3:  177:            break;
        -:  178:
        1:  179:        default:
        1:  180:            printf("Invalid menu. Try again.\n");
        1:  181:            break;
        -:  182:        }
        -:  183:
       18:  184:        printf("> ");
        -:  185:    }
        -:  186:
        2:  187:    return 0;
        -:  188:}
